-------------------------------------------------------------------------------
Test set: com.usa.ciclo3_2.ciclo3_2.Ciclo32ApplicationTests
-------------------------------------------------------------------------------
Tests run: 1, Failures: 0, Errors: 1, Skipped: 0, Time elapsed: 0.349 s <<< FAILURE! - in com.usa.ciclo3_2.ciclo3_2.Ciclo32ApplicationTests
com.usa.ciclo3_2.ciclo3_2.Ciclo32ApplicationTests  Time elapsed: 0.347 s  <<< ERROR!
java.lang.IllegalStateException: Unable to find a @SpringBootConfiguration, you need to use @ContextConfiguration or @SpringBootTest(classes=...) with your test

